[LOG] System::create                           : Header version = 2.01.05. Current version = 2.01.05.
[LOG] Manager::init                            : maxchannels = 256 studioflags = 00000006 flags 00000000 extradriverdata 0000000000000000.
[LOG] SystemI::init                            : Initialize version=20105 (112138), maxchannels=256, flags=0x00020000
[LOG] SystemI::setOutputInternal               : Setting output to 'FMOD WASAPI Output'
[LOG] OutputWASAPI::init                       : Mix Format (WAVEFORMATEX): wFormatTag=0xFFFE, nChannels=2, nSamplesPerSec=48000, nAvgBytesPerSec=384000, nBlockAlign=8, wBitsPerSample=32, cbSize=22.
[LOG] OutputWASAPI::init                       : Mix Format (WAVEFORMATEXTENSIBLE): wValidBitsPerSample=32, dwChannelMask=0x00000003, SubFormat=00000003-0000-0010-8000-00AA00389B71.
[LOG] OutputWASAPI::init                       : Output buffer size: 4096 samples, latency: 0.00ms, period: 10.00ms, DSP buffer: 1024 * 4
[LOG] Thread::initThread                       : Init FMOD stream thread. Affinity: 0x8000000000000003, Priority: 0xFFFF7FFB, Stack Size: 98304, Semaphore: No, Sleep Time: 10, Looping: Yes.
[LOG] Thread::initThread                       : Init FMOD mixer thread. Affinity: 0x8000000000000001, Priority: 0xFFFF7FFA, Stack Size: 81920, Semaphore: No, Sleep Time: 0, Looping: Yes.
[LOG] AsyncManager::init                       : manager 000001E9FD60B1C8 isAsync 0 updatePeriod 0.02
[LOG] AsyncManager::init                       : done
[LOG] PlaybackSystem::init                     : 
[LOG] Thread::initThread                       : Init FMOD Studio sample load thread. Affinity: 0x8000000000000003, Priority: 0xFFFF7FFD, Stack Size: 98304, Semaphore: No, Sleep Time: 1, Looping: No.
[LOG] PlaybackSystem::init                     : done
[LOG] Thread::initThread                       : Init FMOD Studio bank load thread. Affinity: 0x8000000000000003, Priority: 0xFFFF7FFD, Stack Size: 98304, Semaphore: No, Sleep Time: 1, Looping: No.
[LOG] Manager::init                            : done.
[LOG] Manager::readBank                        : fileversion = 135, compatVersion = 132 (oldest = 44, newest = 135)
[LOG] Manager::readBank                        : fileversion = 135, compatVersion = 132 (oldest = 44, newest = 135)
[LOG] SystemI::createSoundInternal             : Create name='', mode=0x02000202
[LOG] SystemI::createSoundInternal             : exinfo->cbsize             = 224
[LOG] SystemI::createSoundInternal             : exinfo->length             = 989856
[LOG] SystemI::createSoundInternal             : exinfo->fileoffset         = 26592
[LOG] SystemI::createSoundInternal             : exinfo->numsubsounds       = 1
[LOG] SystemI::createSoundInternal             : exinfo->inclusionlist      = 000000720487F5C8
[LOG] SystemI::createSoundInternal             : exinfo->inclusionlistnum   = 1
[LOG] SystemI::createSoundInternal             : exinfo->suggestedsoundtype = 5
[LOG] SystemI::createSoundInternal             : exinfo->useropen           = 00007FF826BB7E30
[LOG] SystemI::createSoundInternal             : exinfo->userclose          = 00007FF826BB7E00
[LOG] SystemI::createSoundInternal             : exinfo->userread           = 00007FF826BB7F00
[LOG] SystemI::createSoundInternal             : exinfo->userseek           = 00007FF826BB7FC0
[LOG] SystemI::createSoundInternal             : exinfo->fileuserdata       = 000001E9231D4A48
[LOG] SystemI::createSoundInternal             : exinfo->initialseekpostype = 1
[LOG] SystemI::DSPCodecPoolRegister            : register codec pool for pool type 5
[LOG] SystemI::createSoundInternal             : Sample 0/1: name='char_mushroom_step_stone-012', format=5, channels=2, frequency=48000, lengthbytes=2528, lengthpcm=6000, pcmblocksize=0, loopstart=0, loopend=0, mode=0x00000000, channelmask=0x00000000, channelorder=0, peakvolume=0.026766.
[LOG] SystemI::createSoundInternal             : Create name='', mode=0x02000202
[LOG] SystemI::createSoundInternal             : exinfo->cbsize             = 224
[LOG] SystemI::createSoundInternal             : exinfo->length             = 989856
[LOG] SystemI::createSoundInternal             : exinfo->fileoffset         = 26592
[LOG] SystemI::createSoundInternal             : exinfo->numsubsounds       = 1
[LOG] SystemI::createSoundInternal             : exinfo->inclusionlist      = 000000720487F5C8
[LOG] SystemI::createSoundInternal             : exinfo->inclusionlistnum   = 1
[LOG] SystemI::createSoundInternal             : exinfo->suggestedsoundtype = 5
[LOG] SystemI::createSoundInternal             : exinfo->useropen           = 00007FF826BB7E30
[LOG] SystemI::createSoundInternal             : exinfo->userclose          = 00007FF826BB7E00
[LOG] SystemI::createSoundInternal             : exinfo->userread           = 00007FF826BB7F00
[LOG] SystemI::createSoundInternal             : exinfo->userseek           = 00007FF826BB7FC0
[LOG] SystemI::createSoundInternal             : exinfo->fileuserdata       = 000001E9231D4A48
[LOG] SystemI::createSoundInternal             : exinfo->initialseekpostype = 1
[LOG] SystemI::DSPCodecPoolRegister            : register codec pool for pool type 5
[LOG] SystemI::createSoundInternal             : Sample 0/1: name='char_mushroom_step_wood-014', format=5, channels=2, frequency=48000, lengthbytes=1248, lengthpcm=6000, pcmblocksize=0, loopstart=0, loopend=0, mode=0x00000000, channelmask=0x00000000, channelorder=0, peakvolume=0.065719.
[LOG] SystemI::createSoundInternal             : Create name='', mode=0x02000202
[LOG] SystemI::createSoundInternal             : exinfo->cbsize             = 224
[LOG] SystemI::createSoundInternal             : exinfo->length             = 989856
[LOG] SystemI::createSoundInternal             : exinfo->fileoffset         = 26592
[LOG] SystemI::createSoundInternal             : exinfo->numsubsounds       = 1
[LOG] SystemI::createSoundInternal             : exinfo->inclusionlist      = 000000720487F5C8
[LOG] SystemI::createSoundInternal             : exinfo->inclusionlistnum   = 1
[LOG] SystemI::createSoundInternal             : exinfo->suggestedsoundtype = 5
[LOG] SystemI::createSoundInternal             : exinfo->useropen           = 00007FF826BB7E30
[LOG] SystemI::createSoundInternal             : exinfo->userclose          = 00007FF826BB7E00
[LOG] SystemI::createSoundInternal             : exinfo->userread           = 00007FF826BB7F00
[LOG] SystemI::createSoundInternal             : exinfo->userseek           = 00007FF826BB7FC0
[LOG] SystemI::createSoundInternal             : exinfo->fileuserdata       = 000001E9231D4A48
[LOG] SystemI::createSoundInternal             : exinfo->initialseekpostype = 1
[LOG] SystemI::DSPCodecPoolRegister            : register codec pool for pool type 5
[LOG] SystemI::createSoundInternal             : Sample 0/1: name='char_mushroom_step_leaf-007', format=5, channels=2, frequency=48000, lengthbytes=3168, lengthpcm=12000, pcmblocksize=0, loopstart=0, loopend=0, mode=0x00000000, channelmask=0x00000000, channelorder=0, peakvolume=0.025178.
[LOG] SystemI::createSoundInternal             : Create name='', mode=0x02000202
[LOG] SystemI::createSoundInternal             : exinfo->cbsize             = 224
[LOG] SystemI::createSoundInternal             : exinfo->length             = 989856
[LOG] SystemI::createSoundInternal             : exinfo->fileoffset         = 26592
[LOG] SystemI::createSoundInternal             : exinfo->numsubsounds       = 1
[LOG] SystemI::createSoundInternal             : exinfo->inclusionlist      = 000000720487F5C8
[LOG] SystemI::createSoundInternal             : exinfo->inclusionlistnum   = 1
[LOG] SystemI::createSoundInternal             : exinfo->suggestedsoundtype = 5
[LOG] SystemI::createSoundInternal             : exinfo->useropen           = 00007FF826BB7E30
[LOG] SystemI::createSoundInternal             : exinfo->userclose          = 00007FF826BB7E00
[LOG] SystemI::createSoundInternal             : exinfo->userread           = 00007FF826BB7F00
[LOG] SystemI::createSoundInternal             : exinfo->userseek           = 00007FF826BB7FC0
[LOG] SystemI::createSoundInternal             : exinfo->fileuserdata       = 000001E9231D4A48
[LOG] SystemI::createSoundInternal             : exinfo->initialseekpostype = 1
[LOG] SystemI::DSPCodecPoolRegister            : register codec pool for pool type 5
[LOG] SystemI::createSoundInternal             : Sample 0/1: name='char_mushroom_step_grass-004', format=5, channels=2, frequency=48000, lengthbytes=6176, lengthpcm=24000, pcmblocksize=0, loopstart=0, loopend=0, mode=0x00000000, channelmask=0x00000000, channelorder=0, peakvolume=0.014724.
[LOG] SystemI::createSoundInternal             : Create name='', mode=0x02000202
[LOG] SystemI::createSoundInternal             : exinfo->cbsize             = 224
[LOG] SystemI::createSoundInternal             : exinfo->length             = 989856
[LOG] SystemI::createSoundInternal             : exinfo->fileoffset         = 26592
[LOG] SystemI::createSoundInternal             : exinfo->numsubsounds       = 1
[LOG] SystemI::createSoundInternal             : exinfo->inclusionlist      = 000000720487F5C8
[LOG] SystemI::createSoundInternal             : exinfo->inclusionlistnum   = 1
[LOG] SystemI::createSoundInternal             : exinfo->suggestedsoundtype = 5
[LOG] SystemI::createSoundInternal             : exinfo->useropen           = 00007FF826BB7E30
[LOG] SystemI::createSoundInternal             : exinfo->userclose          = 00007FF826BB7E00
[LOG] SystemI::createSoundInternal             : exinfo->userread           = 00007FF826BB7F00
[LOG] SystemI::createSoundInternal             : exinfo->userseek           = 00007FF826BB7FC0
[LOG] SystemI::createSoundInternal             : exinfo->fileuserdata       = 000001E9231D4A48
[LOG] SystemI::createSoundInternal             : exinfo->initialseekpostype = 1
[LOG] SystemI::DSPCodecPoolRegister            : register codec pool for pool type 5
[LOG] SystemI::createSoundInternal             : Sample 0/1: name='char_mushroom_step_leaf-006', format=5, channels=2, frequency=48000, lengthbytes=3296, lengthpcm=12000, pcmblocksize=0, loopstart=0, loopend=0, mode=0x00000000, channelmask=0x00000000, channelorder=0, peakvolume=0.032919.
[LOG] SystemI::createSoundInternal             : Create name='', mode=0x02000202
[LOG] SystemI::createSoundInternal             : exinfo->cbsize             = 224
[LOG] SystemI::createSoundInternal             : exinfo->length             = 989856
[LOG] SystemI::createSoundInternal             : exinfo->fileoffset         = 26592
[LOG] SystemI::createSoundInternal             : exinfo->numsubsounds       = 1
[LOG] SystemI::createSoundInternal             : exinfo->inclusionlist      = 000000720487F5C8
[LOG] SystemI::createSoundInternal             : exinfo->inclusionlistnum   = 1
[LOG] SystemI::createSoundInternal             : exinfo->suggestedsoundtype = 5
[LOG] SystemI::createSoundInternal             : exinfo->useropen           = 00007FF826BB7E30
[LOG] SystemI::createSoundInternal             : exinfo->userclose          = 00007FF826BB7E00
[LOG] SystemI::createSoundInternal             : exinfo->userread           = 00007FF826BB7F00
[LOG] SystemI::createSoundInternal             : exinfo->userseek           = 00007FF826BB7FC0
[LOG] SystemI::createSoundInternal             : exinfo->fileuserdata       = 000001E9231D4A48
[LOG] SystemI::createSoundInternal             : exinfo->initialseekpostype = 1
[LOG] SystemI::DSPCodecPoolRegister            : register codec pool for pool type 5
[LOG] SystemI::createSoundInternal             : Sample 0/1: name='char_mushroom_step_dirt-008', format=5, channels=2, frequency=48000, lengthbytes=1952, lengthpcm=6000, pcmblocksize=0, loopstart=0, loopend=0, mode=0x00000000, channelmask=0x00000000, channelorder=0, peakvolume=0.006116.
[LOG] SystemI::createSoundInternal             : Create name='', mode=0x02000202
[LOG] SystemI::createSoundInternal             : exinfo->cbsize             = 224
[LOG] SystemI::createSoundInternal             : exinfo->length             = 989856
[LOG] SystemI::createSoundInternal             : exinfo->fileoffset         = 26592
[LOG] SystemI::createSoundInternal             : exinfo->numsubsounds       = 1
[LOG] SystemI::createSoundInternal             : exinfo->inclusionlist      = 000000720487F5C8
[LOG] SystemI::createSoundInternal             : exinfo->inclusionlistnum   = 1
[LOG] SystemI::createSoundInternal             : exinfo->suggestedsoundtype = 5
[LOG] SystemI::createSoundInternal             : exinfo->useropen           = 00007FF826BB7E30
[LOG] SystemI::createSoundInternal             : exinfo->userclose          = 00007FF826BB7E00
[LOG] SystemI::createSoundInternal             : exinfo->userread           = 00007FF826BB7F00
[LOG] SystemI::createSoundInternal             : exinfo->userseek           = 00007FF826BB7FC0
[LOG] SystemI::createSoundInternal             : exinfo->fileuserdata       = 000001E9231D4A48
[LOG] SystemI::createSoundInternal             : exinfo->initialseekpostype = 1
[LOG] SystemI::DSPCodecPoolRegister            : register codec pool for pool type 5
[LOG] SystemI::createSoundInternal             : Sample 0/1: name='char_mushroom_step_stone-022', format=5, channels=2, frequency=48000, lengthbytes=2112, lengthpcm=6000, pcmblocksize=0, loopstart=0, loopend=0, mode=0x00000000, channelmask=0x00000000, channelorder=0, peakvolume=0.045166.
[LOG] SystemI::createSoundInternal             : Create name='', mode=0x02000202
[LOG] SystemI::createSoundInternal             : exinfo->cbsize             = 224
[LOG] SystemI::createSoundInternal             : exinfo->length             = 989856
[LOG] SystemI::createSoundInternal             : exinfo->fileoffset         = 26592
[LOG] SystemI::createSoundInternal             : exinfo->numsubsounds       = 1
[LOG] SystemI::createSoundInternal             : exinfo->inclusionlist      = 000000720487F5C8
[LOG] SystemI::createSoundInternal             : exinfo->inclusionlistnum   = 1
[LOG] SystemI::createSoundInternal             : exinfo->suggestedsoundtype = 5
[LOG] SystemI::createSoundInternal             : exinfo->useropen           = 00007FF826BB7E30
[LOG] SystemI::createSoundInternal             : exinfo->userclose          = 00007FF826BB7E00
[LOG] SystemI::createSoundInternal             : exinfo->userread           = 00007FF826BB7F00
[LOG] SystemI::createSoundInternal             : exinfo->userseek           = 00007FF826BB7FC0
[LOG] SystemI::createSoundInternal             : exinfo->fileuserdata       = 000001E9231D4A48
[LOG] SystemI::createSoundInternal             : exinfo->initialseekpostype = 1
[LOG] SystemI::DSPCodecPoolRegister            : register codec pool for pool type 5
[LOG] SystemI::createSoundInternal             : Sample 0/1: name='char_mushroom_step_stone-020', format=5, channels=2, frequency=48000, lengthbytes=2144, lengthpcm=6000, pcmblocksize=0, loopstart=0, loopend=0, mode=0x00000000, channelmask=0x00000000, channelorder=0, peakvolume=0.040715.
[LOG] SystemI::createSoundInternal             : Create name='', mode=0x02000202
[LOG] SystemI::createSoundInternal             : exinfo->cbsize             = 224
[LOG] SystemI::createSoundInternal             : exinfo->length             = 989856
[LOG] SystemI::createSoundInternal             : exinfo->fileoffset         = 26592
[LOG] SystemI::createSoundInternal             : exinfo->numsubsounds       = 1
[LOG] SystemI::createSoundInternal             : exinfo->inclusionlist      = 000000720487F5C8
[LOG] SystemI::createSoundInternal             : exinfo->inclusionlistnum   = 1
[LOG] SystemI::createSoundInternal             : exinfo->suggestedsoundtype = 5
[LOG] SystemI::createSoundInternal             : exinfo->useropen           = 00007FF826BB7E30
[LOG] SystemI::createSoundInternal             : exinfo->userclose          = 00007FF826BB7E00
[LOG] SystemI::createSoundInternal             : exinfo->userread           = 00007FF826BB7F00
[LOG] SystemI::createSoundInternal             : exinfo->userseek           = 00007FF826BB7FC0
[LOG] SystemI::createSoundInternal             : exinfo->fileuserdata       = 000001E9231D4A48
[LOG] SystemI::createSoundInternal             : exinfo->initialseekpostype = 1
[LOG] SystemI::DSPCodecPoolRegister            : register codec pool for pool type 5
[LOG] SystemI::createSoundInternal             : Sample 0/1: name='char_mushroom_step_grass-002', format=5, channels=2, frequency=48000, lengthbytes=6240, lengthpcm=24000, pcmblocksize=0, loopstart=0, loopend=0, mode=0x00000000, channelmask=0x00000000, channelorder=0, peakvolume=0.015646.
[LOG] SystemI::createSoundInternal             : Create name='', mode=0x02000202
[LOG] SystemI::createSoundInternal             : exinfo->cbsize             = 224
[LOG] SystemI::createSoundInternal             : exinfo->length             = 989856
[LOG] SystemI::createSoundInternal             : exinfo->fileoffset         = 26592
[LOG] SystemI::createSoundInternal             : exinfo->numsubsounds       = 1
[LOG] SystemI::createSoundInternal             : exinfo->inclusionlist      = 000000720487F5C8
[LOG] SystemI::createSoundInternal             : exinfo->inclusionlistnum   = 1
[LOG] SystemI::createSoundInternal             : exinfo->suggestedsoundtype = 5
[LOG] SystemI::createSoundInternal             : exinfo->useropen           = 00007FF826BB7E30
[LOG] SystemI::createSoundInternal             : exinfo->userclose          = 00007FF826BB7E00
[LOG] SystemI::createSoundInternal             : exinfo->userread           = 00007FF826BB7F00
[LOG] SystemI::createSoundInternal             : exinfo->userseek           = 00007FF826BB7FC0
[LOG] SystemI::createSoundInternal             : exinfo->fileuserdata       = 000001E9231D4A48
[LOG] SystemI::createSoundInternal             : exinfo->initialseekpostype = 1
[LOG] SystemI::DSPCodecPoolRegister            : register codec pool for pool type 5
[LOG] SystemI::createSoundInternal             : Sample 0/1: name='char_mushroom_step_leaf-002', format=5, channels=2, frequency=48000, lengthbytes=3264, lengthpcm=12000, pcmblocksize=0, loopstart=0, loopend=0, mode=0x00000000, channelmask=0x00000000, channelorder=0, peakvolume=0.025417.
[LOG] SystemI::createSoundInternal             : Create name='', mode=0x02000202
[LOG] SystemI::createSoundInternal             : exinfo->cbsize             = 224
[LOG] SystemI::createSoundInternal             : exinfo->length             = 989856
[LOG] SystemI::createSoundInternal             : exinfo->fileoffset         = 26592
[LOG] SystemI::createSoundInternal             : exinfo->numsubsounds       = 1
[LOG] SystemI::createSoundInternal             : exinfo->inclusionlist      = 000000720487F5C8
[LOG] SystemI::createSoundInternal             : exinfo->inclusionlistnum   = 1
[LOG] SystemI::createSoundInternal             : exinfo->suggestedsoundtype = 5
[LOG] SystemI::createSoundInternal             : exinfo->useropen           = 00007FF826BB7E30
[LOG] SystemI::createSoundInternal             : exinfo->userclose          = 00007FF826BB7E00
[LOG] SystemI::createSoundInternal             : exinfo->userread           = 00007FF826BB7F00
[LOG] SystemI::createSoundInternal             : exinfo->userseek           = 00007FF826BB7FC0
[LOG] SystemI::createSoundInternal             : exinfo->fileuserdata       = 000001E9231D4A48
[LOG] SystemI::createSoundInternal             : exinfo->initialseekpostype = 1
[LOG] SystemI::DSPCodecPoolRegister            : register codec pool for pool type 5
[LOG] SystemI::createSoundInternal             : Sample 0/1: name='char_mushroom_step_leaf-004', format=5, channels=2, frequency=48000, lengthbytes=3264, lengthpcm=12000, pcmblocksize=0, loopstart=0, loopend=0, mode=0x00000000, channelmask=0x00000000, channelorder=0, peakvolume=0.022656.
[LOG] SystemI::createSoundInternal             : Create name='', mode=0x02000202
[LOG] SystemI::createSoundInternal             : exinfo->cbsize             = 224
[LOG] SystemI::createSoundInternal             : exinfo->length             = 989856
[LOG] SystemI::createSoundInternal             : exinfo->fileoffset         = 26592
[LOG] SystemI::createSoundInternal             : exinfo->numsubsounds       = 1
[LOG] SystemI::createSoundInternal             : exinfo->inclusionlist      = 000000720487F5C8
[LOG] SystemI::createSoundInternal             : exinfo->inclusionlistnum   = 1
[LOG] SystemI::createSoundInternal             : exinfo->suggestedsoundtype = 5
[LOG] SystemI::createSoundInternal             : exinfo->useropen           = 00007FF826BB7E30
[LOG] SystemI::createSoundInternal             : exinfo->userclose          = 00007FF826BB7E00
[LOG] SystemI::createSoundInternal             : exinfo->userread           = 00007FF826BB7F00
[LOG] SystemI::createSoundInternal             : exinfo->userseek           = 00007FF826BB7FC0
[LOG] SystemI::createSoundInternal             : exinfo->fileuserdata       = 000001E9231D4A48
[LOG] SystemI::createSoundInternal             : exinfo->initialseekpostype = 1
[LOG] SystemI::DSPCodecPoolRegister            : register codec pool for pool type 5
[LOG] SystemI::createSoundInternal             : Sample 0/1: name='char_mushroom_step_grass-005', format=5, channels=2, frequency=48000, lengthbytes=6272, lengthpcm=24000, pcmblocksize=0, loopstart=0, loopend=0, mode=0x00000000, channelmask=0x00000000, channelorder=0, peakvolume=0.028696.
[LOG] SystemI::createSoundInternal             : Create name='', mode=0x02000202
[LOG] SystemI::createSoundInternal             : exinfo->cbsize             = 224
[LOG] SystemI::createSoundInternal             : exinfo->length             = 989856
[LOG] SystemI::createSoundInternal             : exinfo->fileoffset         = 26592
[LOG] SystemI::createSoundInternal             : exinfo->numsubsounds       = 1
[LOG] SystemI::createSoundInternal             : exinfo->inclusionlist      = 000000720487F5C8
[LOG] SystemI::createSoundInternal             : exinfo->inclusionlistnum   = 1
[LOG] SystemI::createSoundInternal             : exinfo->suggestedsoundtype = 5
[LOG] SystemI::createSoundInternal             : exinfo->useropen           = 00007FF826BB7E30
[LOG] SystemI::createSoundInternal             : exinfo->userclose          = 00007FF826BB7E00
[LOG] SystemI::createSoundInternal             : exinfo->userread           = 00007FF826BB7F00
[LOG] SystemI::createSoundInternal             : exinfo->userseek           = 00007FF826BB7FC0
[LOG] SystemI::createSoundInternal             : exinfo->fileuserdata       = 000001E9231D4A48
[LOG] SystemI::createSoundInternal             : exinfo->initialseekpostype = 1
[LOG] SystemI::DSPCodecPoolRegister            : register codec pool for pool type 5
[LOG] SystemI::createSoundInternal             : Sample 0/1: name='char_mushroom_step_dirt-005', format=5, channels=2, frequency=48000, lengthbytes=1952, lengthpcm=6221, pcmblocksize=0, loopstart=0, loopend=0, mode=0x00000000, channelmask=0x00000000, channelorder=0, peakvolume=0.013836.
[LOG] SystemI::createSoundInternal             : Create name='', mode=0x02000202
[LOG] SystemI::createSoundInternal             : exinfo->cbsize             = 224
[LOG] SystemI::createSoundInternal             : exinfo->length             = 989856
[LOG] SystemI::createSoundInternal             : exinfo->fileoffset         = 26592
[LOG] SystemI::createSoundInternal             : exinfo->numsubsounds       = 1
[LOG] SystemI::createSoundInternal             : exinfo->inclusionlist      = 000000720487F5C8
[LOG] SystemI::createSoundInternal             : exinfo->inclusionlistnum   = 1
[LOG] SystemI::createSoundInternal             : exinfo->suggestedsoundtype = 5
[LOG] SystemI::createSoundInternal             : exinfo->useropen           = 00007FF826BB7E30
[LOG] SystemI::createSoundInternal             : exinfo->userclose          = 00007FF826BB7E00
[LOG] SystemI::createSoundInternal             : exinfo->userread           = 00007FF826BB7F00
[LOG] SystemI::createSoundInternal             : exinfo->userseek           = 00007FF826BB7FC0
[LOG] SystemI::createSoundInternal             : exinfo->fileuserdata       = 000001E9231D4A48
[LOG] SystemI::createSoundInternal             : exinfo->initialseekpostype = 1
[LOG] SystemI::DSPCodecPoolRegister            : register codec pool for pool type 5
[LOG] SystemI::createSoundInternal             : Sample 0/1: name='char_mushroom_step_stone-015', format=5, channels=2, frequency=48000, lengthbytes=2144, lengthpcm=6000, pcmblocksize=0, loopstart=0, loopend=0, mode=0x00000000, channelmask=0x00000000, channelorder=0, peakvolume=0.051550.
[LOG] SystemI::createSoundInternal             : Create name='', mode=0x02000202
[LOG] SystemI::createSoundInternal             : exinfo->cbsize             = 224
[LOG] SystemI::createSoundInternal             : exinfo->length             = 989856
[LOG] SystemI::createSoundInternal             : exinfo->fileoffset         = 26592
[LOG] SystemI::createSoundInternal             : exinfo->numsubsounds       = 1
[LOG] SystemI::createSoundInternal             : exinfo->inclusionlist      = 000000720487F5C8
[LOG] SystemI::createSoundInternal             : exinfo->inclusionlistnum   = 1
[LOG] SystemI::createSoundInternal             : exinfo->suggestedsoundtype = 5
[LOG] SystemI::createSoundInternal             : exinfo->useropen           = 00007FF826BB7E30
[LOG] SystemI::createSoundInternal             : exinfo->userclose          = 00007FF826BB7E00
[LOG] SystemI::createSoundInternal             : exinfo->userread           = 00007FF826BB7F00
[LOG] SystemI::createSoundInternal             : exinfo->userseek           = 00007FF826BB7FC0
[LOG] SystemI::createSoundInternal             : exinfo->fileuserdata       = 000001E9231D4A48
[LOG] SystemI::createSoundInternal             : exinfo->initialseekpostype = 1
[LOG] SystemI::DSPCodecPoolRegister            : register codec pool for pool type 5
[LOG] SystemI::createSoundInternal             : Sample 0/1: name='char_mushroom_step_wood-013', format=5, channels=2, frequency=48000, lengthbytes=1248, lengthpcm=6000, pcmblocksize=0, loopstart=0, loopend=0, mode=0x00000000, channelmask=0x00000000, channelorder=0, peakvolume=0.058320.
[LOG] SystemI::createSoundInternal             : Create name='', mode=0x02000202
[LOG] SystemI::createSoundInternal             : exinfo->cbsize             = 224
[LOG] SystemI::createSoundInternal             : exinfo->length             = 989856
[LOG] SystemI::createSoundInternal             : exinfo->fileoffset         = 26592
[LOG] SystemI::createSoundInternal             : exinfo->numsubsounds       = 1
[LOG] SystemI::createSoundInternal             : exinfo->inclusionlist      = 000000720487F5C8
[LOG] SystemI::createSoundInternal             : exinfo->inclusionlistnum   = 1
[LOG] SystemI::createSoundInternal             : exinfo->suggestedsoundtype = 5
[LOG] SystemI::createSoundInternal             : exinfo->useropen           = 00007FF826BB7E30
[LOG] SystemI::createSoundInternal             : exinfo->userclose          = 00007FF826BB7E00
[LOG] SystemI::createSoundInternal             : exinfo->userread           = 00007FF826BB7F00
[LOG] SystemI::createSoundInternal             : exinfo->userseek           = 00007FF826BB7FC0
[LOG] SystemI::createSoundInternal             : exinfo->fileuserdata       = 000001E9231D4A48
[LOG] SystemI::createSoundInternal             : exinfo->initialseekpostype = 1
[LOG] SystemI::DSPCodecPoolRegister            : register codec pool for pool type 5
[LOG] SystemI::createSoundInternal             : Sample 0/1: name='char_mushroom_step_stone-021', format=5, channels=2, frequency=48000, lengthbytes=2464, lengthpcm=6000, pcmblocksize=0, loopstart=0, loopend=0, mode=0x00000000, channelmask=0x00000000, channelorder=0, peakvolume=0.095419.
[LOG] SystemI::createSoundInternal             : Create name='', mode=0x02000202
[LOG] SystemI::createSoundInternal             : exinfo->cbsize             = 224
[LOG] SystemI::createSoundInternal             : exinfo->length             = 989856
[LOG] SystemI::createSoundInternal             : exinfo->fileoffset         = 26592
[LOG] SystemI::createSoundInternal             : exinfo->numsubsounds       = 1
[LOG] SystemI::createSoundInternal             : exinfo->inclusionlist      = 000000720487F5C8
[LOG] SystemI::createSoundInternal             : exinfo->inclusionlistnum   = 1
[LOG] SystemI::createSoundInternal             : exinfo->suggestedsoundtype = 5
[LOG] SystemI::createSoundInternal             : exinfo->useropen           = 00007FF826BB7E30
[LOG] SystemI::createSoundInternal             : exinfo->userclose          = 00007FF826BB7E00
[LOG] SystemI::createSoundInternal             : exinfo->userread           = 00007FF826BB7F00
[LOG] SystemI::createSoundInternal             : exinfo->userseek           = 00007FF826BB7FC0
[LOG] SystemI::createSoundInternal             : exinfo->fileuserdata       = 000001E9231D4A48
[LOG] SystemI::createSoundInternal             : exinfo->initialseekpostype = 1
[LOG] SystemI::DSPCodecPoolRegister            : register codec pool for pool type 5
[LOG] SystemI::createSoundInternal             : Sample 0/1: name='char_mushroom_step_leaf-005', format=5, channels=2, frequency=48000, lengthbytes=3232, lengthpcm=12000, pcmblocksize=0, loopstart=0, loopend=0, mode=0x00000000, channelmask=0x00000000, channelorder=0, peakvolume=0.038291.
[LOG] SystemI::createSoundInternal             : Create name='', mode=0x02000202
[LOG] SystemI::createSoundInternal             : exinfo->cbsize             = 224
[LOG] SystemI::createSoundInternal             : exinfo->length             = 989856
[LOG] SystemI::createSoundInternal             : exinfo->fileoffset         = 26592
[LOG] SystemI::createSoundInternal             : exinfo->numsubsounds       = 1
[LOG] SystemI::createSoundInternal             : exinfo->inclusionlist      = 000000720487F5C8
[LOG] SystemI::createSoundInternal             : exinfo->inclusionlistnum   = 1
[LOG] SystemI::createSoundInternal             : exinfo->suggestedsoundtype = 5
[LOG] SystemI::createSoundInternal             : exinfo->useropen           = 00007FF826BB7E30
[LOG] SystemI::createSoundInternal             : exinfo->userclose          = 00007FF826BB7E00
[LOG] SystemI::createSoundInternal             : exinfo->userread           = 00007FF826BB7F00
[LOG] SystemI::createSoundInternal             : exinfo->userseek           = 00007FF826BB7FC0
[LOG] SystemI::createSoundInternal             : exinfo->fileuserdata       = 000001E9231D4A48
[LOG] SystemI::createSoundInternal             : exinfo->initialseekpostype = 1
[LOG] SystemI::DSPCodecPoolRegister            : register codec pool for pool type 5
[LOG] SystemI::createSoundInternal             : Sample 0/1: name='char_mushroom_step_stone-013', format=5, channels=2, frequency=48000, lengthbytes=2656, lengthpcm=6000, pcmblocksize=0, loopstart=0, loopend=0, mode=0x00000000, channelmask=0x00000000, channelorder=0, peakvolume=0.085778.
[LOG] SystemI::createSoundInternal             : Create name='', mode=0x02000202
[LOG] SystemI::createSoundInternal             : exinfo->cbsize             = 224
[LOG] SystemI::createSoundInternal             : exinfo->length             = 989856
[LOG] SystemI::createSoundInternal             : exinfo->fileoffset         = 26592
[LOG] SystemI::createSoundInternal             : exinfo->numsubsounds       = 1
[LOG] SystemI::createSoundInternal             : exinfo->inclusionlist      = 000000720487F5C8
[LOG] SystemI::createSoundInternal             : exinfo->inclusionlistnum   = 1
[LOG] SystemI::createSoundInternal             : exinfo->suggestedsoundtype = 5
[LOG] SystemI::createSoundInternal             : exinfo->useropen           = 00007FF826BB7E30
[LOG] SystemI::createSoundInternal             : exinfo->userclose          = 00007FF826BB7E00
[LOG] SystemI::createSoundInternal             : exinfo->userread           = 00007FF826BB7F00
[LOG] SystemI::createSoundInternal             : exinfo->userseek           = 00007FF826BB7FC0
[LOG] SystemI::createSoundInternal             : exinfo->fileuserdata       = 000001E9231D4A48
[LOG] SystemI::createSoundInternal             : exinfo->initialseekpostype = 1
[LOG] SystemI::DSPCodecPoolRegister            : register codec pool for pool type 5
[LOG] SystemI::createSoundInternal             : Sample 0/1: name='char_mushroom_step_stone-019', format=5, channels=2, frequency=48000, lengthbytes=2464, lengthpcm=6000, pcmblocksize=0, loopstart=0, loopend=0, mode=0x00000000, channelmask=0x00000000, channelorder=0, peakvolume=0.073814.
[LOG] SystemI::createSoundInternal             : Create name='', mode=0x02000202
[LOG] SystemI::createSoundInternal             : exinfo->cbsize             = 224
[LOG] SystemI::createSoundInternal             : exinfo->length             = 989856
[LOG] SystemI::createSoundInternal             : exinfo->fileoffset         = 26592
[LOG] SystemI::createSoundInternal             : exinfo->numsubsounds       = 1
[LOG] SystemI::createSoundInternal             : exinfo->inclusionlist      = 000000720487F5C8
[LOG] SystemI::createSoundInternal             : exinfo->inclusionlistnum   = 1
[LOG] SystemI::createSoundInternal             : exinfo->suggestedsoundtype = 5
[LOG] SystemI::createSoundInternal             : exinfo->useropen           = 00007FF826BB7E30
[LOG] SystemI::createSoundInternal             : exinfo->userclose          = 00007FF826BB7E00
[LOG] SystemI::createSoundInternal             : exinfo->userread           = 00007FF826BB7F00
[LOG] SystemI::createSoundInternal             : exinfo->userseek           = 00007FF826BB7FC0
[LOG] SystemI::createSoundInternal             : exinfo->fileuserdata       = 000001E9231D4A48
[LOG] SystemI::createSoundInternal             : exinfo->initialseekpostype = 1
[LOG] SystemI::DSPCodecPoolRegister            : register codec pool for pool type 5
[LOG] SystemI::createSoundInternal             : Sample 0/1: name='char_mushroom_step_stone-016', format=5, channels=2, frequency=48000, lengthbytes=2656, lengthpcm=6000, pcmblocksize=0, loopstart=0, loopend=0, mode=0x00000000, channelmask=0x00000000, channelorder=0, peakvolume=0.049679.
[LOG] SystemI::createSoundInternal             : Create name='', mode=0x02000202
[LOG] SystemI::createSoundInternal             : exinfo->cbsize             = 224
[LOG] SystemI::createSoundInternal             : exinfo->length             = 989856
[LOG] SystemI::createSoundInternal             : exinfo->fileoffset         = 26592
[LOG] SystemI::createSoundInternal             : exinfo->numsubsounds       = 1
[LOG] SystemI::createSoundInternal             : exinfo->inclusionlist      = 000000720487F5C8
[LOG] SystemI::createSoundInternal             : exinfo->inclusionlistnum   = 1
[LOG] SystemI::createSoundInternal             : exinfo->suggestedsoundtype = 5
[LOG] SystemI::createSoundInternal             : exinfo->useropen           = 00007FF826BB7E30
[LOG] SystemI::createSoundInternal             : exinfo->userclose          = 00007FF826BB7E00
[LOG] SystemI::createSoundInternal             : exinfo->userread           = 00007FF826BB7F00
[LOG] SystemI::createSoundInternal             : exinfo->userseek           = 00007FF826BB7FC0
[LOG] SystemI::createSoundInternal             : exinfo->fileuserdata       = 000001E9231D4A48
[LOG] SystemI::createSoundInternal             : exinfo->initialseekpostype = 1
[LOG] SystemI::DSPCodecPoolRegister            : register codec pool for pool type 5
[LOG] SystemI::createSoundInternal             : Sample 0/1: name='char_mushroom_step_wood-016', format=5, channels=2, frequency=48000, lengthbytes=1280, lengthpcm=6000, pcmblocksize=0, loopstart=0, loopend=0, mode=0x00000000, channelmask=0x00000000, channelorder=0, peakvolume=0.067208.
[LOG] SystemI::createSoundInternal             : Create name='', mode=0x02000202
[LOG] SystemI::createSoundInternal             : exinfo->cbsize             = 224
[LOG] SystemI::createSoundInternal             : exinfo->length             = 989856
[LOG] SystemI::createSoundInternal             : exinfo->fileoffset         = 26592
[LOG] SystemI::createSoundInternal             : exinfo->numsubsounds       = 1
[LOG] SystemI::createSoundInternal             : exinfo->inclusionlist      = 000000720487F5C8
[LOG] SystemI::createSoundInternal             : exinfo->inclusionlistnum   = 1
[LOG] SystemI::createSoundInternal             : exinfo->suggestedsoundtype = 5
[LOG] SystemI::createSoundInternal             : exinfo->useropen           = 00007FF826BB7E30
[LOG] SystemI::createSoundInternal             : exinfo->userclose          = 00007FF826BB7E00
[LOG] SystemI::createSoundInternal             : exinfo->userread           = 00007FF826BB7F00
[LOG] SystemI::createSoundInternal             : exinfo->userseek           = 00007FF826BB7FC0
[LOG] SystemI::createSoundInternal             : exinfo->fileuserdata       = 000001E9231D4A48
[LOG] SystemI::createSoundInternal             : exinfo->initialseekpostype = 1
[LOG] SystemI::DSPCodecPoolRegister            : register codec pool for pool type 5
[LOG] SystemI::createSoundInternal             : Sample 0/1: name='char_mushroom_step_grass-003', format=5, channels=2, frequency=48000, lengthbytes=6144, lengthpcm=24000, pcmblocksize=0, loopstart=0, loopend=0, mode=0x00000000, channelmask=0x00000000, channelorder=0, peakvolume=0.015776.
[LOG] SystemI::createSoundInternal             : Create name='', mode=0x02000202
[LOG] SystemI::createSoundInternal             : exinfo->cbsize             = 224
[LOG] SystemI::createSoundInternal             : exinfo->length             = 989856
[LOG] SystemI::createSoundInternal             : exinfo->fileoffset         = 26592
[LOG] SystemI::createSoundInternal             : exinfo->numsubsounds       = 1
[LOG] SystemI::createSoundInternal             : exinfo->inclusionlist      = 000000720487F5C8
[LOG] SystemI::createSoundInternal             : exinfo->inclusionlistnum   = 1
[LOG] SystemI::createSoundInternal             : exinfo->suggestedsoundtype = 5
[LOG] SystemI::createSoundInternal             : exinfo->useropen           = 00007FF826BB7E30
[LOG] SystemI::createSoundInternal             : exinfo->userclose          = 00007FF826BB7E00
[LOG] SystemI::createSoundInternal             : exinfo->userread           = 00007FF826BB7F00
[LOG] SystemI::createSoundInternal             : exinfo->userseek           = 00007FF826BB7FC0
[LOG] SystemI::createSoundInternal             : exinfo->fileuserdata       = 000001E9231D4A48
[LOG] SystemI::createSoundInternal             : exinfo->initialseekpostype = 1
[LOG] SystemI::DSPCodecPoolRegister            : register codec pool for pool type 5
[LOG] SystemI::createSoundInternal             : Sample 0/1: name='char_mushroom_step_dirt-006', format=5, channels=2, frequency=48000, lengthbytes=1664, lengthpcm=5779, pcmblocksize=0, loopstart=0, loopend=0, mode=0x00000000, channelmask=0x00000000, channelorder=0, peakvolume=0.009709.
[LOG] SystemI::createSoundInternal             : Create name='', mode=0x02000202
[LOG] SystemI::createSoundInternal             : exinfo->cbsize             = 224
[LOG] SystemI::createSoundInternal             : exinfo->length             = 989856
[LOG] SystemI::createSoundInternal             : exinfo->fileoffset         = 26592
[LOG] SystemI::createSoundInternal             : exinfo->numsubsounds       = 1
[LOG] SystemI::createSoundInternal             : exinfo->inclusionlist      = 000000720487F5C8
[LOG] SystemI::createSoundInternal             : exinfo->inclusionlistnum   = 1
[LOG] SystemI::createSoundInternal             : exinfo->suggestedsoundtype = 5
[LOG] SystemI::createSoundInternal             : exinfo->useropen           = 00007FF826BB7E30
[LOG] SystemI::createSoundInternal             : exinfo->userclose          = 00007FF826BB7E00
[LOG] SystemI::createSoundInternal             : exinfo->userread           = 00007FF826BB7F00
[LOG] SystemI::createSoundInternal             : exinfo->userseek           = 00007FF826BB7FC0
[LOG] SystemI::createSoundInternal             : exinfo->fileuserdata       = 000001E9231D4A48
[LOG] SystemI::createSoundInternal             : exinfo->initialseekpostype = 1
[LOG] SystemI::DSPCodecPoolRegister            : register codec pool for pool type 5
[LOG] SystemI::createSoundInternal             : Sample 0/1: name='char_mushroom_step_grass-001', format=5, channels=2, frequency=48000, lengthbytes=6112, lengthpcm=24000, pcmblocksize=0, loopstart=0, loopend=0, mode=0x00000000, channelmask=0x00000000, channelorder=0, peakvolume=0.029746.
[LOG] SystemI::createSoundInternal             : Create name='', mode=0x02000202
[LOG] SystemI::createSoundInternal             : exinfo->cbsize             = 224
[LOG] SystemI::createSoundInternal             : exinfo->length             = 989856
[LOG] SystemI::createSoundInternal             : exinfo->fileoffset         = 26592
[LOG] SystemI::createSoundInternal             : exinfo->numsubsounds       = 1
[LOG] SystemI::createSoundInternal             : exinfo->inclusionlist      = 000000720487F5C8
[LOG] SystemI::createSoundInternal             : exinfo->inclusionlistnum   = 1
[LOG] SystemI::createSoundInternal             : exinfo->suggestedsoundtype = 5
[LOG] SystemI::createSoundInternal             : exinfo->useropen           = 00007FF826BB7E30
[LOG] SystemI::createSoundInternal             : exinfo->userclose          = 00007FF826BB7E00
[LOG] SystemI::createSoundInternal             : exinfo->userread           = 00007FF826BB7F00
[LOG] SystemI::createSoundInternal             : exinfo->userseek           = 00007FF826BB7FC0
[LOG] SystemI::createSoundInternal             : exinfo->fileuserdata       = 000001E9231D4A48
[LOG] SystemI::createSoundInternal             : exinfo->initialseekpostype = 1
[LOG] SystemI::DSPCodecPoolRegister            : register codec pool for pool type 5
[LOG] SystemI::createSoundInternal             : Sample 0/1: name='char_mushroom_step_grass-006', format=5, channels=2, frequency=48000, lengthbytes=6176, lengthpcm=24000, pcmblocksize=0, loopstart=0, loopend=0, mode=0x00000000, channelmask=0x00000000, channelorder=0, peakvolume=0.041433.
[LOG] SystemI::createSoundInternal             : Create name='', mode=0x02000202
[LOG] SystemI::createSoundInternal             : exinfo->cbsize             = 224
[LOG] SystemI::createSoundInternal             : exinfo->length             = 989856
[LOG] SystemI::createSoundInternal             : exinfo->fileoffset         = 26592
[LOG] SystemI::createSoundInternal             : exinfo->numsubsounds       = 1
[LOG] SystemI::createSoundInternal             : exinfo->inclusionlist      = 000000720487F5C8
[LOG] SystemI::createSoundInternal             : exinfo->inclusionlistnum   = 1
[LOG] SystemI::createSoundInternal             : exinfo->suggestedsoundtype = 5
[LOG] SystemI::createSoundInternal             : exinfo->useropen           = 00007FF826BB7E30
[LOG] SystemI::createSoundInternal             : exinfo->userclose          = 00007FF826BB7E00
[LOG] SystemI::createSoundInternal             : exinfo->userread           = 00007FF826BB7F00
[LOG] SystemI::createSoundInternal             : exinfo->userseek           = 00007FF826BB7FC0
[LOG] SystemI::createSoundInternal             : exinfo->fileuserdata       = 000001E9231D4A48
[LOG] SystemI::createSoundInternal             : exinfo->initialseekpostype = 1
[LOG] SystemI::DSPCodecPoolRegister            : register codec pool for pool type 5
[LOG] SystemI::createSoundInternal             : Sample 0/1: name='char_mushroom_step_stone-018', format=5, channels=2, frequency=48000, lengthbytes=2240, lengthpcm=6000, pcmblocksize=0, loopstart=0, loopend=0, mode=0x00000000, channelmask=0x00000000, channelorder=0, peakvolume=0.025533.
[LOG] SystemI::createSoundInternal             : Create name='', mode=0x02000202
[LOG] SystemI::createSoundInternal             : exinfo->cbsize             = 224
[LOG] SystemI::createSoundInternal             : exinfo->length             = 989856
[LOG] SystemI::createSoundInternal             : exinfo->fileoffset         = 26592
[LOG] SystemI::createSoundInternal             : exinfo->numsubsounds       = 1
[LOG] SystemI::createSoundInternal             : exinfo->inclusionlist      = 000000720487F5C8
[LOG] SystemI::createSoundInternal             : exinfo->inclusionlistnum   = 1
[LOG] SystemI::createSoundInternal             : exinfo->suggestedsoundtype = 5
[LOG] SystemI::createSoundInternal             : exinfo->useropen           = 00007FF826BB7E30
[LOG] SystemI::createSoundInternal             : exinfo->userclose          = 00007FF826BB7E00
[LOG] SystemI::createSoundInternal             : exinfo->userread           = 00007FF826BB7F00
[LOG] SystemI::createSoundInternal             : exinfo->userseek           = 00007FF826BB7FC0
[LOG] SystemI::createSoundInternal             : exinfo->fileuserdata       = 000001E9231D4A48
[LOG] SystemI::createSoundInternal             : exinfo->initialseekpostype = 1
[LOG] SystemI::DSPCodecPoolRegister            : register codec pool for pool type 5
[LOG] SystemI::createSoundInternal             : Sample 0/1: name='char_mushroom_step_wood-015', format=5, channels=2, frequency=48000, lengthbytes=1248, lengthpcm=6000, pcmblocksize=0, loopstart=0, loopend=0, mode=0x00000000, channelmask=0x00000000, channelorder=0, peakvolume=0.046708.
[LOG] SystemI::createSoundInternal             : Create name='', mode=0x02000202
[LOG] SystemI::createSoundInternal             : exinfo->cbsize             = 224
[LOG] SystemI::createSoundInternal             : exinfo->length             = 989856
[LOG] SystemI::createSoundInternal             : exinfo->fileoffset         = 26592
[LOG] SystemI::createSoundInternal             : exinfo->numsubsounds       = 1
[LOG] SystemI::createSoundInternal             : exinfo->inclusionlist      = 000000720487F5C8
[LOG] SystemI::createSoundInternal             : exinfo->inclusionlistnum   = 1
[LOG] SystemI::createSoundInternal             : exinfo->suggestedsoundtype = 5
[LOG] SystemI::createSoundInternal             : exinfo->useropen           = 00007FF826BB7E30
[LOG] SystemI::createSoundInternal             : exinfo->userclose          = 00007FF826BB7E00
[LOG] SystemI::createSoundInternal             : exinfo->userread           = 00007FF826BB7F00
[LOG] SystemI::createSoundInternal             : exinfo->userseek           = 00007FF826BB7FC0
[LOG] SystemI::createSoundInternal             : exinfo->fileuserdata       = 000001E9231D4A48
[LOG] SystemI::createSoundInternal             : exinfo->initialseekpostype = 1
[LOG] SystemI::DSPCodecPoolRegister            : register codec pool for pool type 5
[LOG] SystemI::createSoundInternal             : Sample 0/1: name='char_mushroom_step_leaf-003', format=5, channels=2, frequency=48000, lengthbytes=3232, lengthpcm=12000, pcmblocksize=0, loopstart=0, loopend=0, mode=0x00000000, channelmask=0x00000000, channelorder=0, peakvolume=0.030222.
[LOG] SystemI::createSoundInternal             : Create name='', mode=0x02000202
[LOG] SystemI::createSoundInternal             : exinfo->cbsize             = 224
[LOG] SystemI::createSoundInternal             : exinfo->length             = 989856
[LOG] SystemI::createSoundInternal             : exinfo->fileoffset         = 26592
[LOG] SystemI::createSoundInternal             : exinfo->numsubsounds       = 1
[LOG] SystemI::createSoundInternal             : exinfo->inclusionlist      = 000000720487F5C8
[LOG] SystemI::createSoundInternal             : exinfo->inclusionlistnum   = 1
[LOG] SystemI::createSoundInternal             : exinfo->suggestedsoundtype = 5
[LOG] SystemI::createSoundInternal             : exinfo->useropen           = 00007FF826BB7E30
[LOG] SystemI::createSoundInternal             : exinfo->userclose          = 00007FF826BB7E00
[LOG] SystemI::createSoundInternal             : exinfo->userread           = 00007FF826BB7F00
[LOG] SystemI::createSoundInternal             : exinfo->userseek           = 00007FF826BB7FC0
[LOG] SystemI::createSoundInternal             : exinfo->fileuserdata       = 000001E9231D4A48
[LOG] SystemI::createSoundInternal             : exinfo->initialseekpostype = 1
[LOG] SystemI::DSPCodecPoolRegister            : register codec pool for pool type 5
[LOG] SystemI::createSoundInternal             : Sample 0/1: name='char_mushroom_step_stone-014', format=5, channels=2, frequency=48000, lengthbytes=2400, lengthpcm=6000, pcmblocksize=0, loopstart=0, loopend=0, mode=0x00000000, channelmask=0x00000000, channelorder=0, peakvolume=0.068596.
[LOG] SystemI::createSoundInternal             : Create name='', mode=0x02000202
[LOG] SystemI::createSoundInternal             : exinfo->cbsize             = 224
[LOG] SystemI::createSoundInternal             : exinfo->length             = 989856
[LOG] SystemI::createSoundInternal             : exinfo->fileoffset         = 26592
[LOG] SystemI::createSoundInternal             : exinfo->numsubsounds       = 1
[LOG] SystemI::createSoundInternal             : exinfo->inclusionlist      = 000000720487F5C8
[LOG] SystemI::createSoundInternal             : exinfo->inclusionlistnum   = 1
[LOG] SystemI::createSoundInternal             : exinfo->suggestedsoundtype = 5
[LOG] SystemI::createSoundInternal             : exinfo->useropen           = 00007FF826BB7E30
[LOG] SystemI::createSoundInternal             : exinfo->userclose          = 00007FF826BB7E00
[LOG] SystemI::createSoundInternal             : exinfo->userread           = 00007FF826BB7F00
[LOG] SystemI::createSoundInternal             : exinfo->userseek           = 00007FF826BB7FC0
[LOG] SystemI::createSoundInternal             : exinfo->fileuserdata       = 000001E9231D4A48
[LOG] SystemI::createSoundInternal             : exinfo->initialseekpostype = 1
[LOG] SystemI::DSPCodecPoolRegister            : register codec pool for pool type 5
[LOG] SystemI::createSoundInternal             : Sample 0/1: name='char_mushroom_step_dirt-007', format=5, channels=2, frequency=48000, lengthbytes=2176, lengthpcm=6000, pcmblocksize=0, loopstart=0, loopend=0, mode=0x00000000, channelmask=0x00000000, channelorder=0, peakvolume=0.012901.
[LOG] SystemI::createSoundInternal             : Create name='', mode=0x02000202
[LOG] SystemI::createSoundInternal             : exinfo->cbsize             = 224
[LOG] SystemI::createSoundInternal             : exinfo->length             = 989856
[LOG] SystemI::createSoundInternal             : exinfo->fileoffset         = 26592
[LOG] SystemI::createSoundInternal             : exinfo->numsubsounds       = 1
[LOG] SystemI::createSoundInternal             : exinfo->inclusionlist      = 000000720487F5C8
[LOG] SystemI::createSoundInternal             : exinfo->inclusionlistnum   = 1
[LOG] SystemI::createSoundInternal             : exinfo->suggestedsoundtype = 5
[LOG] SystemI::createSoundInternal             : exinfo->useropen           = 00007FF826BB7E30
[LOG] SystemI::createSoundInternal             : exinfo->userclose          = 00007FF826BB7E00
[LOG] SystemI::createSoundInternal             : exinfo->userread           = 00007FF826BB7F00
[LOG] SystemI::createSoundInternal             : exinfo->userseek           = 00007FF826BB7FC0
[LOG] SystemI::createSoundInternal             : exinfo->fileuserdata       = 000001E9231D4A48
[LOG] SystemI::createSoundInternal             : exinfo->initialseekpostype = 1
[LOG] SystemI::DSPCodecPoolRegister            : register codec pool for pool type 5
[LOG] SystemI::createSoundInternal             : Sample 0/1: name='char_mushroom_step_grass-007', format=5, channels=2, frequency=48000, lengthbytes=6080, lengthpcm=24000, pcmblocksize=0, loopstart=0, loopend=0, mode=0x00000000, channelmask=0x00000000, channelorder=0, peakvolume=0.023598.
[LOG] SystemI::createSoundInternal             : Create name='', mode=0x02000202
[LOG] SystemI::createSoundInternal             : exinfo->cbsize             = 224
[LOG] SystemI::createSoundInternal             : exinfo->length             = 989856
[LOG] SystemI::createSoundInternal             : exinfo->fileoffset         = 26592
[LOG] SystemI::createSoundInternal             : exinfo->numsubsounds       = 1
[LOG] SystemI::createSoundInternal             : exinfo->inclusionlist      = 000000720487F5C8
[LOG] SystemI::createSoundInternal             : exinfo->inclusionlistnum   = 1
[LOG] SystemI::createSoundInternal             : exinfo->suggestedsoundtype = 5
[LOG] SystemI::createSoundInternal             : exinfo->useropen           = 00007FF826BB7E30
[LOG] SystemI::createSoundInternal             : exinfo->userclose          = 00007FF826BB7E00
[LOG] SystemI::createSoundInternal             : exinfo->userread           = 00007FF826BB7F00
[LOG] SystemI::createSoundInternal             : exinfo->userseek           = 00007FF826BB7FC0
[LOG] SystemI::createSoundInternal             : exinfo->fileuserdata       = 000001E9231D4A48
[LOG] SystemI::createSoundInternal             : exinfo->initialseekpostype = 1
[LOG] SystemI::DSPCodecPoolRegister            : register codec pool for pool type 5
[LOG] SystemI::createSoundInternal             : Sample 0/1: name='char_mushroom_step_leaf-001', format=5, channels=2, frequency=48000, lengthbytes=3200, lengthpcm=12000, pcmblocksize=0, loopstart=0, loopend=0, mode=0x00000000, channelmask=0x00000000, channelorder=0, peakvolume=0.025698.
[LOG] SystemI::createSoundInternal             : Create name='', mode=0x02000202
[LOG] SystemI::createSoundInternal             : exinfo->cbsize             = 224
[LOG] SystemI::createSoundInternal             : exinfo->length             = 989856
[LOG] SystemI::createSoundInternal             : exinfo->fileoffset         = 26592
[LOG] SystemI::createSoundInternal             : exinfo->numsubsounds       = 1
[LOG] SystemI::createSoundInternal             : exinfo->inclusionlist      = 000000720487F5C8
[LOG] SystemI::createSoundInternal             : exinfo->inclusionlistnum   = 1
[LOG] SystemI::createSoundInternal             : exinfo->suggestedsoundtype = 5
[LOG] SystemI::createSoundInternal             : exinfo->useropen           = 00007FF826BB7E30
[LOG] SystemI::createSoundInternal             : exinfo->userclose          = 00007FF826BB7E00
[LOG] SystemI::createSoundInternal             : exinfo->userread           = 00007FF826BB7F00
[LOG] SystemI::createSoundInternal             : exinfo->userseek           = 00007FF826BB7FC0
[LOG] SystemI::createSoundInternal             : exinfo->fileuserdata       = 000001E9231D4A48
[LOG] SystemI::createSoundInternal             : exinfo->initialseekpostype = 1
[LOG] SystemI::DSPCodecPoolRegister            : register codec pool for pool type 5
[LOG] SystemI::createSoundInternal             : Sample 0/1: name='char_mushroom_step_stone-017', format=5, channels=2, frequency=48000, lengthbytes=2272, lengthpcm=6000, pcmblocksize=0, loopstart=0, loopend=0, mode=0x00000000, channelmask=0x00000000, channelorder=0, peakvolume=0.063851.
[LOG] SystemI::createSoundInternal             : Create name='', mode=0x02000202
[LOG] SystemI::createSoundInternal             : exinfo->cbsize             = 224
[LOG] SystemI::createSoundInternal             : exinfo->length             = 989856
[LOG] SystemI::createSoundInternal             : exinfo->fileoffset         = 26592
[LOG] SystemI::createSoundInternal             : exinfo->numsubsounds       = 1
[LOG] SystemI::createSoundInternal             : exinfo->inclusionlist      = 000000720487F5C8
[LOG] SystemI::createSoundInternal             : exinfo->inclusionlistnum   = 1
[LOG] SystemI::createSoundInternal             : exinfo->suggestedsoundtype = 5
[LOG] SystemI::createSoundInternal             : exinfo->useropen           = 00007FF826BB7E30
[LOG] SystemI::createSoundInternal             : exinfo->userclose          = 00007FF826BB7E00
[LOG] SystemI::createSoundInternal             : exinfo->userread           = 00007FF826BB7F00
[LOG] SystemI::createSoundInternal             : exinfo->userseek           = 00007FF826BB7FC0
[LOG] SystemI::createSoundInternal             : exinfo->fileuserdata       = 000001E9231D4A48
[LOG] SystemI::createSoundInternal             : exinfo->initialseekpostype = 1
[LOG] SystemI::DSPCodecPoolRegister            : register codec pool for pool type 5
[LOG] SystemI::createSoundInternal             : Sample 0/1: name='char_mushroom_jump', format=5, channels=2, frequency=48000, lengthbytes=5568, lengthpcm=24000, pcmblocksize=0, loopstart=0, loopend=0, mode=0x00000000, channelmask=0x00000000, channelorder=0, peakvolume=0.091301.
[LOG] SoundI::release                          : Night mushroom village theme 72 4-4-002 (000001E94DFC5C08)
[LOG] SoundI::release                          :     Night mushroom village theme 72 4-4-002 (000001E94D8FA4C8)
[LOG] SoundI::release                          :     Night mushroom village theme 72 4-4-002 (000001E94DFC5DB8)
[LOG] SoundI::release                          : env_amb_01_mushroom_village_night-001 (000001E920B0D488)
[LOG] SoundI::release                          :     env_amb_01_mushroom_village_night-001 (000001E94D8F63C8)
[LOG] SoundI::release                          :     env_amb_01_mushroom_village_night-001 (000001E94DFC6CE8)
[LOG] SoundI::release                          :  (000001E9B92AA1A8)
[LOG] SoundI::release                          :     char_mushroom_jump (000001E94C98BF78)
[LOG] SoundI::release                          :  (000001E925064C48)
[LOG] SoundI::release                          :     char_mushroom_step_wood-013 (000001E94D8FEDE8)
[LOG] SoundI::release                          :  (000001E9223710C8)
[LOG] SoundI::release                          :     char_mushroom_step_wood-014 (000001E94D8FCBC8)
[LOG] SoundI::release                          :  (000001E9B92ACB58)
[LOG] SoundI::release                          :     char_mushroom_step_wood-015 (000001E94C986FD8)
[LOG] SoundI::release                          :  (000001E925065378)
[LOG] SoundI::release                          :     char_mushroom_step_wood-016 (000001E94D900E68)
[LOG] SoundI::release                          :  (000001E9B92AA038)
[LOG] SoundI::release                          :     char_mushroom_step_leaf-001 (000001E94C988018)
[LOG] SoundI::release                          :  (000001E925064518)
[LOG] SoundI::release                          :     char_mushroom_step_leaf-002 (000001E94D8FE288)
[LOG] SoundI::release                          :  (000001E9B92A9628)
[LOG] SoundI::release                          :     char_mushroom_step_leaf-003 (000001E94C98AA58)
[LOG] SoundI::release                          :  (000001E9250647F8)
[LOG] SoundI::release                          :     char_mushroom_step_leaf-004 (000001E94D8FF2C8)
[LOG] SoundI::release                          :  (000001E925064F28)
[LOG] SoundI::release                          :     char_mushroom_step_leaf-005 (000001E94D8FE428)
[LOG] SoundI::release                          :  (000001E922371AD8)
[LOG] SoundI::release                          :     char_mushroom_step_leaf-006 (000001E94D8FF948)
[LOG] SoundI::release                          :  (000001E922371238)
[LOG] SoundI::release                          :     char_mushroom_step_leaf-007 (000001E94D8FE0E8)
[LOG] SoundI::release                          :  (000001E9B92AABB8)
[LOG] SoundI::release                          :     char_mushroom_step_grass-001 (000001E94D8F6568)
[LOG] SoundI::release                          :  (000001E925065938)
[LOG] SoundI::release                          :     char_mushroom_step_grass-002 (000001E94D900CC8)
[LOG] SoundI::release                          :  (000001E9B92AB2E8)
[LOG] SoundI::release                          :     char_mushroom_step_grass-003 (000001E94D9011A8)
[LOG] SoundI::release                          :  (000001E922371688)
[LOG] SoundI::release                          :     char_mushroom_step_grass-004 (000001E94D8FCD68)
[LOG] SoundI::release                          :  (000001E925064968)
[LOG] SoundI::release                          :     char_mushroom_step_grass-005 (000001E94D8FDA68)
[LOG] SoundI::release                          :  (000001E9B92AB8A8)
[LOG] SoundI::release                          :     char_mushroom_step_grass-006 (000001E94D8FAB48)
[LOG] SoundI::release                          :  (000001E9B92ABCF8)
[LOG] SoundI::release                          :     char_mushroom_step_grass-007 (000001E94C98B5B8)
[LOG] SoundI::release                          :  (000001E925064AD8)
[LOG] SoundI::release                          :     char_mushroom_step_dirt-005 (000001E94D901348)
[LOG] SoundI::release                          :  (000001E9B92AB738)
[LOG] SoundI::release                          :     char_mushroom_step_dirt-006 (000001E94D8F6228)
[LOG] SoundI::release                          :  (000001E9B92AAD28)
[LOG] SoundI::release                          :     char_mushroom_step_dirt-007 (000001E94C98A238)
[LOG] SoundI::release                          :  (000001E925065658)
[LOG] SoundI::release                          :     char_mushroom_step_dirt-008 (000001E94D8FFAE8)
[LOG] SoundI::release                          :  (000001E922374E98)
[LOG] SoundI::release                          :     char_mushroom_step_stone-012 (000001E94D8FEC48)
[LOG] SoundI::release                          :  (000001E925065D88)
[LOG] SoundI::release                          :     char_mushroom_step_stone-013 (000001E94D8FFFC8)
[LOG] SoundI::release                          :  (000001E9B92AC428)
[LOG] SoundI::release                          :     char_mushroom_step_stone-014 (000001E94C98AD98)
[LOG] SoundI::release                          :  (000001E925065AA8)
[LOG] SoundI::release                          :     char_mushroom_step_stone-015 (000001E94D8FFE28)
[LOG] SoundI::release                          :  (000001E925065208)
[LOG] SoundI::release                          :     char_mushroom_step_stone-016 (000001E94D900988)
[LOG] SoundI::release                          :  (000001E9B92AC708)
[LOG] SoundI::release                          :     char_mushroom_step_stone-017 (000001E94C98B758)
[LOG] SoundI::release                          :  (000001E9B92A9D58)
[LOG] SoundI::release                          :     char_mushroom_step_stone-018 (000001E94C9889D8)
[LOG] SoundI::release                          :  (000001E925065098)
[LOG] SoundI::release                          :     char_mushroom_step_stone-019 (000001E94D900168)
[LOG] SoundI::release                          :  (000001E9250657C8)
[LOG] SoundI::release                          :     char_mushroom_step_stone-020 (000001E94D8FD8C8)
[LOG] SoundI::release                          :  (000001E925064DB8)
[LOG] SoundI::release                          :     char_mushroom_step_stone-021 (000001E94D8FEF88)
[LOG] SoundI::release                          :  (000001E9250643A8)
[LOG] SoundI::release                          :     char_mushroom_step_stone-022 (000001E94D8FCF08)
[LOG] Thread::callback                         : FMOD Studio update thread finished.
[LOG] Thread::callback                         : FMOD Studio bank load thread finished.
[LOG] Profile::disconnectAll                   : Profiler disconnecting all clients
[LOG] Thread::callback                         : FMOD Studio sample load thread finished.
[LOG] LiveUpdate::release                      : 
[LOG] LiveUpdate::reset                        : Reset connection (reason Disconnected)
[LOG] Thread::callback                         : FMOD stream thread finished.
[LOG] Thread::callback                         : FMOD mixer thread finished.
[LOG] Profile::disconnectAll                   : Profiler disconnecting all clients
[LOG] SystemI::close                           : Closed.
[LOG] Thread::callback                         : FMOD Studio bank load thread finished.
[LOG] Thread::callback                         : FMOD Studio sample load thread finished.
[LOG] LiveUpdate::release                      : 
[LOG] LiveUpdate::reset                        : Reset connection (reason Disconnected)
[LOG] Thread::callback                         : FMOD stream thread finished.
[LOG] Thread::callback                         : FMOD mixer thread finished.
[LOG] SystemI::close                           : Closed.
[LOG] Thread::callback                         : FMOD nonblocking thread (0) finished.
[LOG] Thread::callback                         : FMOD file thread finished.
